Determining if the C compiler works failed with the following output:
Change Dir: C:/Users/86137/Desktop/AcademicFolder/程序设计ppt/https-github.com-andy_yang-test/cmake-build-debug/CMakeFiles/CMakeTmp

Run Build Command(s):C:/MinGW/bin/mingw32-make.exe cmTC_21f13/fast && C:/MinGW/bin/mingw32-make.exe  -f CMakeFiles\cmTC_21f13.dir\build.make CMakeFiles/cmTC_21f13.dir/build
mingw32-make.exe[1]: Entering directory 'C:/Users/86137/Desktop/AcademicFolder/程序设计ppt/https-github.com-andy_yang-test/cmake-build-debug/CMakeFiles/CMakeTmp'
Building C object CMakeFiles/cmTC_21f13.dir/testCCompiler.c.obj
C:\MinGW\bin\gcc.exe    -o CMakeFiles\cmTC_21f13.dir\testCCompiler.c.obj   -c C:\Users\86137\Desktop\AcademicFolder\绋嬪簭璁捐ppt\https-github.com-andy_yang-test\cmake-build-debug\CMakeFiles\CMakeTmp\testCCompiler.c
gcc.exe: error: C:\Users\86137\Desktop\AcademicFolder\绋嬪簭璁捐ppt\https-github.com-andy_yang-test\cmake-build-debug\CMakeFiles\CMakeTmp\testCCompiler.c: No such file or directory
gcc.exe: fatal error: no input files
compilation terminated.
CMakeFiles\cmTC_21f13.dir\build.make:84: recipe for target 'CMakeFiles/cmTC_21f13.dir/testCCompiler.c.obj' failed
mingw32-make.exe[1]: *** [CMakeFiles/cmTC_21f13.dir/testCCompiler.c.obj] Error 1
mingw32-make.exe[1]: Leaving directory 'C:/Users/86137/Desktop/AcademicFolder/程序设计ppt/https-github.com-andy_yang-test/cmake-build-debug/CMakeFiles/CMakeTmp'
Makefile:140: recipe for target 'cmTC_21f13/fast' failed
mingw32-make.exe: *** [cmTC_21f13/fast] Error 2



Determining if the C compiler works failed with the following output:
Change Dir: C:/Users/86137/Desktop/AcademicFolder/程序设计ppt/https-github.com-andy_yang-test/cmake-build-debug/CMakeFiles/CMakeTmp

Run Build Command(s):C:/MinGW/bin/mingw32-make.exe cmTC_8da1a/fast && C:/MinGW/bin/mingw32-make.exe  -f CMakeFiles\cmTC_8da1a.dir\build.make CMakeFiles/cmTC_8da1a.dir/build
mingw32-make.exe[1]: Entering directory 'C:/Users/86137/Desktop/AcademicFolder/程序设计ppt/https-github.com-andy_yang-test/cmake-build-debug/CMakeFiles/CMakeTmp'
Building C object CMakeFiles/cmTC_8da1a.dir/testCCompiler.c.obj
C:\MinGW\bin\gcc.exe    -o CMakeFiles\cmTC_8da1a.dir\testCCompiler.c.obj   -c C:\Users\86137\Desktop\AcademicFolder\绋嬪簭璁捐ppt\https-github.com-andy_yang-test\cmake-build-debug\CMakeFiles\CMakeTmp\testCCompiler.c
gcc.exe: error: C:\Users\86137\Desktop\AcademicFolder\绋嬪簭璁捐ppt\https-github.com-andy_yang-test\cmake-build-debug\CMakeFiles\CMakeTmp\testCCompiler.c: No such file or directory
gcc.exe: fatal error: no input files
compilation terminated.
CMakeFiles\cmTC_8da1a.dir\build.make:84: recipe for target 'CMakeFiles/cmTC_8da1a.dir/testCCompiler.c.obj' failed
mingw32-make.exe[1]: *** [CMakeFiles/cmTC_8da1a.dir/testCCompiler.c.obj] Error 1
mingw32-make.exe[1]: Leaving directory 'C:/Users/86137/Desktop/AcademicFolder/程序设计ppt/https-github.com-andy_yang-test/cmake-build-debug/CMakeFiles/CMakeTmp'
Makefile:140: recipe for target 'cmTC_8da1a/fast' failed
mingw32-make.exe: *** [cmTC_8da1a/fast] Error 2



